<?xml version="1.0" encoding="UTF-8"?>
<!-- Generated by org.testng.reporters.JUnitXMLReporter -->
<testsuite hostname="DESKTOP-3AGL9LR" name="Default test" tests="6" failures="0" timestamp="2 May 2018 01:09:24 GMT" time="119.665" errors="0">
  <testcase name="Upload_EmptyFile" time="25.457" classname="com.qa.testcases.HomeTest"/>
  <testcase name="Upload_ContentFile" time="25.374" classname="com.qa.testcases.HomeTest"/>
  <testcase name="validate_MetaData" time="6.734" classname="com.qa.testcases.HomeTest"/>
  <testcase name="updateContent" time="17.544" classname="com.qa.testcases.HomeTest"/>
  <testcase name="verify_download" time="18.865" classname="com.qa.testcases.HomeTest"/>
  <testcase name="verify_delete_file" time="6.671" classname="com.qa.testcases.HomeTest"/>
</testsuite> <!-- Default test -->
