<?xml version="1.0" encoding="UTF-8"?>
<!-- Generated by org.testng.reporters.JUnitXMLReporter -->
<testsuite hostname="DESKTOP-3AGL9LR" name="Test" tests="6" failures="0" timestamp="1 May 2018 19:41:47 GMT" time="127.523" errors="0">
  <testcase name="Upload_EmptyFile" time="25.621" classname="com.qa.testcases.HomeTest"/>
  <testcase name="Upload_ContentFile" time="25.53" classname="com.qa.testcases.HomeTest"/>
  <testcase name="validate_MetaData" time="6.503" classname="com.qa.testcases.HomeTest"/>
  <testcase name="updateContent" time="17.566" classname="com.qa.testcases.HomeTest"/>
  <testcase name="verify_download" time="19.681" classname="com.qa.testcases.HomeTest"/>
  <testcase name="verify_delete_file" time="6.388" classname="com.qa.testcases.HomeTest"/>
</testsuite> <!-- Test -->
