<?xml version="1.0" encoding="UTF-8"?>
<testng-results skipped="0" failed="0" total="6" passed="6">
  <reporter-output>
  </reporter-output>
  <suite name="Default suite" duration-ms="119665" started-at="2018-05-02T01:07:25Z" finished-at="2018-05-02T01:09:24Z">
    <groups>
    </groups>
    <test name="Default test" duration-ms="119665" started-at="2018-05-02T01:07:25Z" finished-at="2018-05-02T01:09:24Z">
      <class name="com.qa.testcases.HomeTest">
        <test-method status="PASS" signature="setup()[pri:0, instance:com.qa.testcases.HomeTest@2a2d45ba]" name="setup" is-config="true" duration-ms="18081" started-at="2018-05-01T21:07:25Z" finished-at="2018-05-01T21:07:43Z">
          <reporter-output>
          </reporter-output>
        </test-method> <!-- setup -->
        <test-method status="PASS" signature="Upload_EmptyFile()[pri:0, instance:com.qa.testcases.HomeTest@2a2d45ba]" name="Upload_EmptyFile" duration-ms="25457" started-at="2018-05-01T21:07:43Z" finished-at="2018-05-01T21:08:08Z">
          <reporter-output>
          </reporter-output>
        </test-method> <!-- Upload_EmptyFile -->
        <test-method status="PASS" signature="Upload_ContentFile()[pri:0, instance:com.qa.testcases.HomeTest@2a2d45ba]" name="Upload_ContentFile" duration-ms="25374" started-at="2018-05-01T21:08:08Z" finished-at="2018-05-01T21:08:34Z">
          <reporter-output>
          </reporter-output>
        </test-method> <!-- Upload_ContentFile -->
        <test-method status="PASS" signature="validate_MetaData()[pri:0, instance:com.qa.testcases.HomeTest@2a2d45ba]" name="validate_MetaData" duration-ms="6734" started-at="2018-05-01T21:08:34Z" finished-at="2018-05-01T21:08:40Z">
          <reporter-output>
          </reporter-output>
        </test-method> <!-- validate_MetaData -->
        <test-method status="PASS" signature="updateContent()[pri:0, instance:com.qa.testcases.HomeTest@2a2d45ba]" name="updateContent" duration-ms="17544" started-at="2018-05-01T21:08:40Z" finished-at="2018-05-01T21:08:58Z">
          <reporter-output>
          </reporter-output>
        </test-method> <!-- updateContent -->
        <test-method status="PASS" signature="verify_download()[pri:0, instance:com.qa.testcases.HomeTest@2a2d45ba]" name="verify_download" duration-ms="18865" started-at="2018-05-01T21:08:58Z" finished-at="2018-05-01T21:09:17Z">
          <reporter-output>
          </reporter-output>
        </test-method> <!-- verify_download -->
        <test-method status="PASS" signature="verify_delete_file()[pri:0, instance:com.qa.testcases.HomeTest@2a2d45ba]" name="verify_delete_file" duration-ms="6671" started-at="2018-05-01T21:09:17Z" finished-at="2018-05-01T21:09:23Z">
          <reporter-output>
          </reporter-output>
        </test-method> <!-- verify_delete_file -->
        <test-method status="PASS" signature="tearDown()[pri:0, instance:com.qa.testcases.HomeTest@2a2d45ba]" name="tearDown" is-config="true" duration-ms="900" started-at="2018-05-01T21:09:23Z" finished-at="2018-05-01T21:09:24Z">
          <reporter-output>
          </reporter-output>
        </test-method> <!-- tearDown -->
      </class> <!-- com.qa.testcases.HomeTest -->
    </test> <!-- Default test -->
  </suite> <!-- Default suite -->
</testng-results>
