<?xml version="1.0" encoding="UTF-8"?>
<!-- Generated by org.testng.reporters.JUnitReportReporter -->
<testsuite hostname="DESKTOP-3AGL9LR" name="com.qa.testcases.StartPageTest" tests="2" failures="0" timestamp="24 Apr 2018 21:52:09 GMT" time="2.600" errors="0">
  <testcase name="validateStartPageTitle" time="0.048" classname="com.qa.testcases.StartPageTest"/>
  <testcase name="validateSignInButton" time="2.552" classname="com.qa.testcases.StartPageTest"/>
</testsuite> <!-- com.qa.testcases.StartPageTest -->
